#
# A fatal error has been detected by the Java Runtime Environment:
#
#  EXCEPTION_ACCESS_VIOLATION (0xc0000005) at pc=0x00007ffc14758813, pid=2956, tid=12764
#
# JRE version:  (11.0.18+10) (build )
# Java VM: OpenJDK 64-Bit Server VM (11.0.18+10-LTS, mixed mode, sharing, tiered, compressed oops, g1 gc, windows-amd64)
# Problematic frame:
# V  [jvm.dll+0x1d8813]
#
# No core dump will be written. Minidumps are not enabled by default on client versions of Windows
#
#

---------------  S U M M A R Y ------------

Command Line: -Xmx64m -Xms64m -Dorg.gradle.appname=gradlew org.gradle.wrapper.GradleWrapperMain tasks

Host: Intel(R) Core(TM) i5-10500H CPU @ 2.50GHz, 12 cores, 7G,  Windows 11 , 64 bit Build 22621 (10.0.22621.1928)
Time: Wed Aug  2 22:26:46 2023 India Standard Time elapsed time: 0.190084 seconds (0d 0h 0m 0s)

---------------  T H R E A D  ---------------

Current thread (0x000001f0082ee000):  JavaThread "Unknown thread" [_thread_in_vm, id=12764, stack(0x0000004e6ed00000,0x0000004e6ee00000)]

Stack: [0x0000004e6ed00000,0x0000004e6ee00000],  sp=0x0000004e6edff0c0,  free space=1020k
Native frames: (J=compiled Java code, j=interpreted, Vv=VM code, C=native code)
V  [jvm.dll+0x1d8813]
V  [jvm.dll+0x1d6943]
V  [jvm.dll+0x363c4b]
V  [jvm.dll+0x775d70]
V  [jvm.dll+0x3d297f]
V  [jvm.dll+0x3d4d11]
C  [jli.dll+0x5207]
C  [ucrtbase.dll+0x29363]
C  [KERNEL32.DLL+0x126ad]
C  [ntdll.dll+0x5aa68]


siginfo: EXCEPTION_ACCESS_VIOLATION (0xc0000005), reading address 0x0000000000000000


Registers:
RAX=0x0000c9f417699a3f, RBX=0x0000000000000000, RCX=0x0000000000000000, RDX=0x0000000000000000
RSP=0x0000004e6edff0c0, RBP=0x0000000000000000, RSI=0x000001f0082ee000, RDI=0x0000000000000000
R8 =0x0000000000000000, R9 =0x0000000000000000, R10=0x0000000000000000, R11=0x0000004e6edfee80
R12=0x0000000000000000, R13=0x00007ffc14b559e0, R14=0x000001f0060e5068, R15=0x0000004e6edffe08
RIP=0x00007ffc14758813, EFLAGS=0x0000000000010256

Top of Stack: (sp=0x0000004e6edff0c0)
0x0000004e6edff0c0:   000001f0060ef4f0 00007ffc148518f8
0x0000004e6edff0d0:   0000004e6edffe08 0000000000000400
0x0000004e6edff0e0:   0000000000000000 000001f0082ee000
0x0000004e6edff0f0:   0000b53984b0b811 00007ffc14b559e0
0x0000004e6edff100:   0000004e6edff1e0 000001f0060e5068
0x0000004e6edff110:   00007ffc14b559e0 0000000000000000
0x0000004e6edff120:   0000004e6edffe08 0000000000000000
0x0000004e6edff130:   00007ffc9b7f0000 00007ffc14e26418
0x0000004e6edff140:   00007ffc147567ea 00007ffcdeb2129c
0x0000004e6edff150:   0000004e6edff1e0 0000000000000001
0x0000004e6edff160:   0000c9f417699a3f 000001f0060e5068
0x0000004e6edff170:   00007ffc00000000 00007ffc14b559e0
0x0000004e6edff180:   000001f0082ee000 0000004e6edff2a0
0x0000004e6edff190:   0000000000000000 00007ffc14756943
0x0000004e6edff1a0:   00007ffc9b460000 00007ffc9b7fd054
0x0000004e6edff1b0:   0000004e6edff2a0 000001f0082ee000 

Instructions: (pc=0x00007ffc14758813)
0x00007ffc14758713:   f0 ff 15 86 61 61 00 48 8b cb 41 b1 01 48 2b 8c
0x00007ffc14758723:   24 90 00 00 00 45 33 c0 33 d2 c6 04 31 00 48 8b
0x00007ffc14758733:   ce e8 b7 0b 00 00 42 80 3c 33 3b 4a 8d 3c 33 75
0x00007ffc14758743:   1c 0f 1f 40 00 0f 1f 84 00 00 00 00 00 48 ff c3
0x00007ffc14758753:   ff c5 42 80 3c 33 3b 4a 8d 3c 33 74 f0 49 83 3c
0x00007ffc14758763:   24 00 74 18 48 8b 94 24 98 00 00 00 49 8b cf e8
0x00007ffc14758773:   e9 a6 ee ff 49 8b cc e8 51 a6 ee ff 48 8b 44 24
0x00007ffc14758783:   20 48 8d 4c 24 30 49 89 47 18 48 8b 44 24 28 49
0x00007ffc14758793:   89 47 20 4d 89 67 10 e8 91 9b 0f 00 44 8b ed 48
0x00007ffc147587a3:   89 9c 24 90 00 00 00 48 3b 5c 24 38 0f 8c cd fe
0x00007ffc147587b3:   ff ff 4c 8b 7c 24 40 4c 8b 64 24 48 48 8b 7c 24
0x00007ffc147587c3:   50 48 8b 74 24 58 48 8b 9c 24 80 00 00 00 48 83
0x00007ffc147587d3:   c4 60 41 5e 41 5d 5d c3 cc cc cc cc cc 40 53 55
0x00007ffc147587e3:   56 41 55 48 81 ec b8 00 00 00 48 8b 05 14 e9 8a
0x00007ffc147587f3:   00 48 33 c4 48 89 84 24 a0 00 00 00 48 8b e9 48
0x00007ffc14758803:   c7 c3 ff ff ff ff 0f 1f 80 00 00 00 00 48 ff c3
0x00007ffc14758813:   80 3c 0b 00 75 f7 33 f6 c6 44 24 30 01 40 38 35
0x00007ffc14758823:   a5 1a 8e 00 74 17 40 38 35 81 80 8d 00 75 0e 33
0x00007ffc14758833:   d2 48 8d 0d 05 da 6c 00 e8 70 7b 1a 00 45 33 ed
0x00007ffc14758843:   85 db 0f 8e 11 02 00 00 48 89 bc 24 e8 00 00 00
0x00007ffc14758853:   48 8b fd 4c 89 a4 24 f0 00 00 00 48 63 c3 33 db
0x00007ffc14758863:   4c 89 b4 24 f8 00 00 00 4c 89 bc 24 b0 00 00 00
0x00007ffc14758873:   48 89 44 24 68 48 89 74 24 40 0f 1f 00 0f b6 07
0x00007ffc14758883:   84 c0 74 12 3c 3b 74 0e 0f b6 44 2b 01 48 ff c3
0x00007ffc14758893:   ff c6 84 c0 75 ee 48 8d 54 24 38 48 c7 44 24 38
0x00007ffc147588a3:   00 00 00 00 48 8d 4c 24 60 e8 ff 99 0f 00 48 8b
0x00007ffc147588b3:   44 24 38 33 d2 4c 8b b0 78 02 00 00 49 8b 46 18
0x00007ffc147588c3:   4d 8b 66 10 48 89 44 24 50 49 8b 46 20 48 89 44
0x00007ffc147588d3:   24 58 49 8b 46 28 48 89 44 24 48 8b c6 41 2b c5
0x00007ffc147588e3:   48 63 f8 48 8d 4f 01 e8 31 11 4b 00 49 63 d5 4c
0x00007ffc147588f3:   8b c7 48 03 d5 48 8b c8 4c 8b f8 ff 15 9c 5f 61
0x00007ffc14758903:   00 48 8b cb 48 2b 4c 24 40 80 7c 24 30 00 42 c6 



---------------  P R O C E S S  ---------------

Threads class SMR info:
_java_thread_list=0x000001f0060e5350, length=0, elements={
}

Java Threads: ( => current thread )

Other Threads:

=>0x000001f0082ee000 (exited) JavaThread "Unknown thread" [_thread_in_vm, id=12764, stack(0x0000004e6ed00000,0x0000004e6ee00000)]

Threads with active compile tasks:

VM state:not at safepoint (not fully initialized)

VM Mutex/Monitor currently owned by a thread: None


[error occurred during error reporting (printing compressed oops mode), id 0xc0000005, EXCEPTION_ACCESS_VIOLATION (0xc0000005) at pc=0x00007ffc14d13bd7]

Deoptimization events (0 events):
No events

Classes redefined (0 events):
No events

Internal exceptions (0 events):
No events

Events (1 events):
Event: 0.129 Loaded shared library C:\Program Files\Microsoft\jdk-11.0.18.10-hotspot\bin\zip.dll


Dynamic libraries:
0x00007ff757190000 - 0x00007ff75719d000 	C:\Program Files\Microsoft\jdk-11.0.18.10-hotspot\bin\java.exe
0x00007ffce14f0000 - 0x00007ffce1704000 	C:\WINDOWS\SYSTEM32\ntdll.dll
0x00007ffcdf750000 - 0x00007ffcdf812000 	C:\WINDOWS\System32\KERNEL32.DLL
0x00007ffcdead0000 - 0x00007ffcdee73000 	C:\WINDOWS\System32\KERNELBASE.dll
0x00007ffcde9b0000 - 0x00007ffcdeac1000 	C:\WINDOWS\System32\ucrtbase.dll
0x00007ffc9e110000 - 0x00007ffc9e127000 	C:\Program Files\Microsoft\jdk-11.0.18.10-hotspot\bin\jli.dll
0x00007ffce0180000 - 0x00007ffce032a000 	C:\WINDOWS\System32\USER32.dll
0x00007ffcc11d0000 - 0x00007ffcc145e000 	C:\WINDOWS\WinSxS\amd64_microsoft.windows.common-controls_6595b64144ccf1df_6.0.22621.1635_none_270f70857386168e\COMCTL32.dll
0x00007ffcdef20000 - 0x00007ffcdef46000 	C:\WINDOWS\System32\win32u.dll
0x00007ffce0b50000 - 0x00007ffce0bf7000 	C:\WINDOWS\System32\msvcrt.dll
0x00007ffcdf820000 - 0x00007ffcdf849000 	C:\WINDOWS\System32\GDI32.dll
0x00007ffcdefd0000 - 0x00007ffcdf0e9000 	C:\WINDOWS\System32\gdi32full.dll
0x00007ffc9bd00000 - 0x00007ffc9bd15000 	C:\Program Files\Microsoft\jdk-11.0.18.10-hotspot\bin\VCRUNTIME140.dll
0x00007ffcdee80000 - 0x00007ffcdef1a000 	C:\WINDOWS\System32\msvcp_win.dll
0x00007ffcdf3b0000 - 0x00007ffcdf3e1000 	C:\WINDOWS\System32\IMM32.DLL
0x00007ffc6d640000 - 0x00007ffc6d6db000 	C:\Program Files\Microsoft\jdk-11.0.18.10-hotspot\bin\msvcp140.dll
0x00007ffc14580000 - 0x00007ffc15112000 	C:\Program Files\Microsoft\jdk-11.0.18.10-hotspot\bin\server\jvm.dll
0x00007ffcdf4d0000 - 0x00007ffcdf57e000 	C:\WINDOWS\System32\ADVAPI32.dll
0x00007ffcdf580000 - 0x00007ffcdf624000 	C:\WINDOWS\System32\sechost.dll
0x00007ffcdf630000 - 0x00007ffcdf747000 	C:\WINDOWS\System32\RPCRT4.dll
0x00007ffcdf950000 - 0x00007ffcdf958000 	C:\WINDOWS\System32\PSAPI.DLL
0x00007ffccd030000 - 0x00007ffccd064000 	C:\WINDOWS\SYSTEM32\WINMM.dll
0x00007ffcdbca0000 - 0x00007ffcdbca9000 	C:\WINDOWS\SYSTEM32\WSOCK32.dll
0x00007ffcd77f0000 - 0x00007ffcd77fa000 	C:\WINDOWS\SYSTEM32\VERSION.dll
0x00007ffcdf400000 - 0x00007ffcdf471000 	C:\WINDOWS\System32\WS2_32.dll
0x00007ffcdda20000 - 0x00007ffcdda38000 	C:\WINDOWS\SYSTEM32\kernel.appcore.dll
0x00007ffcb1a20000 - 0x00007ffcb1a30000 	C:\Program Files\Microsoft\jdk-11.0.18.10-hotspot\bin\verify.dll
0x00007ffccc230000 - 0x00007ffccc45e000 	C:\WINDOWS\SYSTEM32\DBGHELP.DLL
0x00007ffce0dc0000 - 0x00007ffce1149000 	C:\WINDOWS\System32\combase.dll
0x00007ffce13d0000 - 0x00007ffce14a7000 	C:\WINDOWS\System32\OLEAUT32.dll
0x00007ffcc6f60000 - 0x00007ffcc6f92000 	C:\WINDOWS\SYSTEM32\dbgcore.DLL
0x00007ffcdef50000 - 0x00007ffcdefca000 	C:\WINDOWS\System32\bcryptPrimitives.dll
0x00007ffc9b7f0000 - 0x00007ffc9b818000 	C:\Program Files\Microsoft\jdk-11.0.18.10-hotspot\bin\java.dll
0x00007ffcb15a0000 - 0x00007ffcb15aa000 	C:\Program Files\Microsoft\jdk-11.0.18.10-hotspot\bin\jimage.dll
0x00007ffc9b460000 - 0x00007ffc9b478000 	C:\Program Files\Microsoft\jdk-11.0.18.10-hotspot\bin\zip.dll

dbghelp: loaded successfully - version: 4.0.5 - missing functions: none
symbol engine: initialized successfully - sym options: 0x614 - pdb path: .;C:\Program Files\Microsoft\jdk-11.0.18.10-hotspot\bin;C:\WINDOWS\SYSTEM32;C:\WINDOWS\WinSxS\amd64_microsoft.windows.common-controls_6595b64144ccf1df_6.0.22621.1635_none_270f70857386168e;C:\Program Files\Microsoft\jdk-11.0.18.10-hotspot\bin\server

VM Arguments:
jvm_args: -Xmx64m -Xms64m -Dorg.gradle.appname=gradlew 
java_command: org.gradle.wrapper.GradleWrapperMain tasks
java_class_path (initial): C:\Users\harsh\Desktop\AwesomeProject\android\\gradle\wrapper\gradle-wrapper.jar
Launcher Type: SUN_STANDARD

[Global flags]
     uint G1ConcRefinementThreads                  = 10                                        {product} {ergonomic}
    uintx GCDrainStackTargetSize                   = 64                                        {product} {ergonomic}
   size_t InitialHeapSize                          = 67108864                                  {product} {command line}
   size_t MaxHeapSize                              = 67108864                                  {product} {command line}
    uintx ReservedCodeCacheSize                    = 251658240                              {pd product} {ergonomic}
     bool SegmentedCodeCache                       = true                                      {product} {ergonomic}
     bool UseCompressedClassPointers               = true                                 {lp64_product} {ergonomic}
     bool UseCompressedOops                        = true                                 {lp64_product} {ergonomic}
     bool UseG1GC                                  = true                                      {product} {ergonomic}
     bool UseLargePagesIndividualAllocation        = false                                  {pd product} {ergonomic}

Logging:
Log output configuration:
 #0: stdout all=warning uptime,level,tags
 #1: stderr all=off uptime,level,tags

Environment Variables:
JAVA_HOME=C:\Program Files\Microsoft\jdk-11.0.18.10-hotspot\
CLASSPATH=C:\Users\harsh\Desktop\AwesomeProject\android\\gradle\wrapper\gradle-wrapper.jar
PATH=C:\Users\harsh\Desktop\AwesomeProject\node_modules\.bin;C:\Users\harsh\Desktop\node_modules\.bin;C:\Users\harsh\node_modules\.bin;C:\Users\node_modules\.bin;C:\node_modules\.bin;C:\Users\harsh\AppData\Roaming\npm\node_modules\npm\node_modules\@npmcli\run-script\lib\node-gyp-bin;C:\Program Files (x86)\Common Files\Oracle\Java\javapath;C:\Program Files\Microsoft\jdk-11.0.18.10-hotspot\bin;C:\Python310\Scripts\;C:\Python310\;C:\ProgramData\Oracle\Java\javapath;C:\Windows\system32;C:\Windows;C:\Windows\System32\Wbem;C:\Windows\System32\WindowsPowerShell\v1.0\;C:\Windows\System32\OpenSSH\;C:\Program Files (x86)\NVIDIA Corporation\PhysX\Common;C:\Program Files\NVIDIA Corporation\NVIDIA NvDLISR;C:\MinGW\bin;C:\Program Files\Git\cmd;C:\Program Files\Git\mingw64\bin;C:\Program Files\Git\usr\bin;C:\ProgramData\chocolatey\bin;C:\Program Files\OpenJDK\openjdk-11.0.15_10\bin;C:\WINDOWS\system32;C:\WINDOWS;C:\WINDOWS\System32\Wbem;C:\WINDOWS\System32\WindowsPowerShell\v1.0\;C:\WINDOWS\System32\OpenSSH\;C:\Program Files\nodejs\;C:\Users\harsh\AppData\Local\Microsoft\WindowsApps;C:\Users\harsh\AppData\Local\Android\Sdk\platform-tools;C:\Users\harsh\AppData\Local\Programs\Microsoft VS Code\bin;C:\Users\harsh\AppData\Roaming\npm;C:\Users\harsh\Downloads\gradle-6.0.1-bin.zip\gradle-6.0.1\bin;
USERNAME=harsh
LANG=en_US.UTF-8
OS=Windows_NT
PROCESSOR_IDENTIFIER=Intel64 Family 6 Model 165 Stepping 2, GenuineIntel
TMP=C:\Users\harsh\AppData\Local\Temp
TEMP=C:\Users\harsh\AppData\Local\Temp



---------------  S Y S T E M  ---------------

OS: Windows 11 , 64 bit Build 22621 (10.0.22621.1928)
OS uptime: 8 days 23:45 hours

CPU:total 12 (initial active 12) 

Memory: 4k page, system-wide physical 8013M (351M free)
TotalPageFile size 20813M (AvailPageFile size 3507M)
current process WorkingSet (physical memory assigned to process): 9M, peak: 9M
current process commit charge ("private bytes"): 3M, peak: 3M

vm_info: OpenJDK 64-Bit Server VM (11.0.18+10-LTS) for windows-amd64 JRE (11.0.18+10-LTS), built on Jan 18 2023 15:56:47 by "MicrosoftCorporation" with MS VC++ 15.9 (VS2017)

END.
